{
  "stats": {
    "suites": 1,
    "tests": 1,
    "passes": 1,
    "pending": 0,
    "failures": 0,
    "start": "2024-09-23T03:27:23.949Z",
    "end": "2024-09-23T03:27:55.624Z",
    "duration": 31675,
    "testsRegistered": 1,
    "passPercent": 100,
    "pendingPercent": 0,
    "other": 0,
    "hasOther": false,
    "skipped": 0,
    "hasSkipped": false
  },
  "results": [
    {
      "uuid": "8b3d53cb-9dc0-426a-8e8c-585f1ccdd364",
      "title": "",
      "fullFile": "cypress\\e2e\\TASK_ONE_LAST.cy.js",
      "file": "cypress\\e2e\\TASK_ONE_LAST.cy.js",
      "beforeHooks": [],
      "afterHooks": [],
      "tests": [],
      "suites": [
        {
          "uuid": "ee1d68c0-8cdc-4561-8039-942db929ff82",
          "title": "Validating the New User Registration Form",
          "fullFile": "",
          "file": "",
          "beforeHooks": [],
          "afterHooks": [],
          "tests": [
            {
              "title": "Validating Registration Page",
              "fullTitle": "Validating the New User Registration Form Validating Registration Page",
              "timedOut": null,
              "duration": 30976,
              "state": "passed",
              "speed": "slow",
              "pass": true,
              "fail": false,
              "pending": false,
              "context": null,
              "code": "userDetails.firstName(data.FirstName);\nuserDetails.lastName(data.LastName);\nuserDetails.genDER(data.Gender_Female);\nuserDetails.userName(data.USERNAME);\nuserDetails.userPassword(data.PASSWORD);\nuserDetails.confirm_Password(data.PASSWORD);\nuserDetails.emailID(data.Email);\nuserDetails.PhoneNumber(data.Phone);\n// Uncaught Exception\nCypress.on('uncaught:exception', (err, runnable) => {\n  return false;\n});",
              "err": {},
              "uuid": "4fedc590-1c40-4d16-afbd-7ba6b550a182",
              "parentUUID": "ee1d68c0-8cdc-4561-8039-942db929ff82",
              "isHook": false,
              "skipped": false
            }
          ],
          "suites": [],
          "passes": [
            "4fedc590-1c40-4d16-afbd-7ba6b550a182"
          ],
          "failures": [],
          "pending": [],
          "skipped": [],
          "duration": 30976,
          "root": false,
          "rootEmpty": false,
          "_timeout": 2000
        }
      ],
      "passes": [],
      "failures": [],
      "pending": [],
      "skipped": [],
      "duration": 0,
      "root": true,
      "rootEmpty": true,
      "_timeout": 2000
    }
  ],
  "meta": {
    "mocha": {
      "version": "7.0.1"
    },
    "mochawesome": {
      "options": {
        "quiet": false,
        "reportFilename": "mochawesome",
        "saveHtml": false,
        "saveJson": true,
        "consoleReporter": "spec",
        "useInlineDiffs": false,
        "code": true
      },
      "version": "7.1.3"
    },
    "marge": {
      "options": {
        "overwrite": false,
        "html": false,
        "json": true,
        "reportDir": "cypress\\reports\\html\\.jsons"
      },
      "version": "6.2.0"
    }
  }
}